<?xml version="1.0" encoding="UTF-8"?>
<!-- Generated by org.testng.reporters.JUnitReportReporter -->
<testsuite hostname="RakeshPC" name="com.npi.automationTests.Tests" tests="2" failures="0" timestamp="15 Dec 2016 15:28:46 GMT" time="11.326" errors="0">
  <testcase name="ntg" time="0.004" classname="com.npi.automationTests.Tests"/>
  <testcase name="Login" time="11.322" classname="com.npi.automationTests.Tests"/>
</testsuite> <!-- com.npi.automationTests.Tests -->
